[06:04:56] STAGE 0: Pipeline initialization
[06:04:56] STAGE 1: RESUMING from existing E_by_galaxy.npz
[06:04:56]   Loading catalog for NGC (resume mode)...
Loading eboss_lrgpcmass NGC 
  Data: ../data/eboss/dr16/LRGpCMASS/v1/eBOSS_LRGpCMASS_clustering_data-NGC-vDR16.fits
  Randoms: ../data/eboss/dr16/LRGpCMASS/v1/eBOSS_LRGpCMASS_clustering_random-NGC-vDR16.fits
  Loaded 255,741 data, 13,180,418 randoms
[06:04:59]   NGC: 255741 data, 13180418 randoms
[06:05:09]   Loading catalog for SGC (resume mode)...
Loading eboss_lrgpcmass SGC 
  Data: ../data/eboss/dr16/LRGpCMASS/v1/eBOSS_LRGpCMASS_clustering_data-SGC-vDR16.fits
  Randoms: ../data/eboss/dr16/LRGpCMASS/v1/eBOSS_LRGpCMASS_clustering_random-SGC-vDR16.fits
  Loaded 121,717 data, 6,065,434 randoms
[06:05:10]   SGC: 121717 data, 6065434 randoms
[06:05:14]   Resume complete - skipping to Stage 2
[06:05:14]   Memory cleanup before pair counts...
[06:05:14]   Worker pool terminated
[06:05:14]   Available memory: 518.3 GB
[06:05:14] STAGE 2: Computing pair counts by environment bin
[06:05:14]   STAGE 2 outputs exist - skipping to STAGE 3
[06:05:14] STAGE 3: Computing covariance matrix
[06:05:14]   Using jackknife covariance (method=jackknife)
[06:05:16]   Jackknife loop: 100 regions
[06:05:16]   Precomputing RR with all randoms...
