[05:53:58] STAGE 0: Pipeline initialization
[05:53:58] STAGE 1: RESUMING from existing E_by_galaxy.npz
[05:53:58]   Loading catalog for NGC (resume mode)...
Loading eboss_lrgpcmass NGC 
  Data: ../data/eboss/dr16/LRGpCMASS/v1/eBOSS_LRGpCMASS_clustering_data-NGC-vDR16.fits
  Randoms: ../data/eboss/dr16/LRGpCMASS/v1/eBOSS_LRGpCMASS_clustering_random-NGC-vDR16.fits
  Loaded 255,741 data, 13,180,418 randoms
[05:54:02]   NGC: 255741 data, 13180418 randoms
[05:54:11]   Loading catalog for SGC (resume mode)...
Loading eboss_lrgpcmass SGC 
  Data: ../data/eboss/dr16/LRGpCMASS/v1/eBOSS_LRGpCMASS_clustering_data-SGC-vDR16.fits
  Randoms: ../data/eboss/dr16/LRGpCMASS/v1/eBOSS_LRGpCMASS_clustering_random-SGC-vDR16.fits
  Loaded 121,717 data, 6,065,434 randoms
[05:54:13]   SGC: 121717 data, 6065434 randoms
[05:54:17]   Resume complete - skipping to Stage 2
[05:54:17]   Memory cleanup before pair counts...
[05:54:17]   Worker pool terminated
[05:54:17]   Available memory: 507.8 GB
[05:54:17] STAGE 2: Computing pair counts by environment bin
[05:54:17]   STAGE 2 outputs exist - skipping to STAGE 3
[05:54:17] STAGE 3: Computing covariance matrix
[05:54:17]   Using jackknife covariance (method=jackknife)
[05:54:19]   Jackknife loop: 100 regions
[05:54:19]   Precomputing RR with all randoms...
